<?xml version="1.0" encoding="UTF-8"?>
<testsuite xmlns:xsi="http://www.w3.org/2001/XMLSchema-instance" xsi:noNamespaceSchemaLocation="https://maven.apache.org/surefire/maven-surefire-plugin/xsd/surefire-test-report-3.0.xsd" version="3.0" name="org.example.order.WeatherTest" time="10.017" tests="1" errors="0" skipped="0" failures="0">
  <properties>
[...]
</properties>
  <testcase name="contextLoads" classname="org.example.order.WeatherTest" time="1.693">
    <system-out><![CDATA[11:50:21.150 [main] INFO org.springframework.test.context.support.AnnotationConfigContextLoaderUtils -- Could not detect default configuration classes for test class [org.example.order.WeatherTest]: WeatherTest does not declare any static, non-private, non-final, nested classes annotated with @Configuration.
11:50:21.262 [main] INFO org.springframework.boot.test.context.SpringBootTestContextBootstrapper -- Found @SpringBootConfiguration org.example.order.OrderServiceApplication for test class org.example.order.WeatherTest
2026-03-27T11:50:21.872+08:00  INFO 2744 --- [service-order] [           main] c.a.nacos.client.logging.NacosLogging    : Nacos Logging Adapter Builder: com.alibaba.nacos.logger.adapter.logback12.LogbackNacosLoggingAdapterBuilder
2026-03-27T11:50:21.878+08:00  INFO 2744 --- [service-order] [           main] c.a.nacos.client.logging.NacosLogging    : Nacos Logging Adapter Builder: com.alibaba.nacos.logger.adapter.logback14.LogbackNacosLoggingAdapterBuilder
2026-03-27T11:50:21.879+08:00  INFO 2744 --- [service-order] [           main] c.a.nacos.client.logging.NacosLogging    : Nacos Logging Adapter: com.alibaba.nacos.logger.adapter.logback14.LogbackNacosLoggingAdapter match ch.qos.logback.classic.Logger success.
2026-03-27T11:50:21.884+08:00  INFO 2744 --- [service-order] [           main] c.a.nacos.client.logging.NacosLogging    : Nacos Logging Adapter Builder: com.alibaba.nacos.logger.adapter.log4j2.Log4j2NacosLoggingAdapterBuilder

  .   ____          _            __ _ _
 /\\ / ___'_ __ _ _(_)_ __  __ _ \ \ \ \
( ( )\___ | '_ | '_| | '_ \/ _` | \ \ \ \
 \\/  ___)| |_)| | | | | || (_| |  ) ) ) )
  '  |____| .__|_| |_|_| |_\__, | / / / /
 =========|_|==============|___/=/_/_/_/

 :: Spring Boot ::                (v3.3.4)

INFO: Sentinel log output type is: file
INFO: Sentinel log charset is: utf-8
INFO: Sentinel log base directory is: C:\Users\s1362\logs\csp\
INFO: Sentinel log name use pid is: false
INFO: Sentinel log level is: INFO
2026-03-27T11:50:22.179+08:00  INFO 2744 --- [service-order] [           main] org.example.order.WeatherTest            : Starting WeatherTest using Java 17.0.12 with PID 2744 (started by s1362 in D:\作业\笔记\cloud-demo模板\services\service-order)
2026-03-27T11:50:22.181+08:00  INFO 2744 --- [service-order] [           main] org.example.order.WeatherTest            : No active profile set, falling back to 1 default profile: "default"
2026-03-27T11:50:23.327+08:00  INFO 2744 --- [service-order] [           main] .s.d.r.c.RepositoryConfigurationDelegate : Multiple Spring Data modules found, entering strict repository configuration mode
2026-03-27T11:50:23.332+08:00  INFO 2744 --- [service-order] [           main] .s.d.r.c.RepositoryConfigurationDelegate : Bootstrapping Spring Data Redis repositories in DEFAULT mode.
2026-03-27T11:50:23.368+08:00  INFO 2744 --- [service-order] [           main] .s.d.r.c.RepositoryConfigurationDelegate : Finished Spring Data repository scanning in 18 ms. Found 0 Redis repository interfaces.
2026-03-27T11:50:23.656+08:00  INFO 2744 --- [service-order] [           main] o.s.cloud.context.scope.GenericScope     : BeanFactory id=c513f31a-333c-3644-914e-c30ca8ee77b4
2026-03-27T11:50:23.774+08:00  WARN 2744 --- [service-order] [           main] trationDelegate$BeanPostProcessorChecker : Bean 'com.alibaba.cloud.nacos.NacosConfigAutoConfiguration' of type [com.alibaba.cloud.nacos.NacosConfigAutoConfiguration] is not eligible for getting processed by all BeanPostProcessors (for example: not eligible for auto-proxying). The currently created BeanPostProcessor [nacosAnnotationProcessor] is declared through a non-static factory method on that class; consider declaring it as static instead.
 _ _   |_  _ _|_. ___ _ |    _ 
| | |\/|_)(_| | |_\  |_)||_|_\ 
     /               |         
                        3.5.5 
2026-03-27T11:50:25.344+08:00  INFO 2744 --- [service-order] [           main] com.zaxxer.hikari.HikariDataSource       : HikariPool-1 - Starting...
2026-03-27T11:50:25.887+08:00  INFO 2744 --- [service-order] [           main] com.zaxxer.hikari.pool.HikariPool        : HikariPool-1 - Added connection com.mysql.cj.jdbc.ConnectionImpl@81dfdee
2026-03-27T11:50:25.889+08:00  INFO 2744 --- [service-order] [           main] com.zaxxer.hikari.HikariDataSource       : HikariPool-1 - Start completed.
2026-03-27T11:50:25.896+08:00 DEBUG 2744 --- [service-order] [           main] o.e.o.mapper.GoodsMapper.findAllOnSale   : ==>  Preparing: SELECT * FROM goods WHERE goods_status = 1
2026-03-27T11:50:25.923+08:00 DEBUG 2744 --- [service-order] [           main] o.e.o.mapper.GoodsMapper.findAllOnSale   : ==> Parameters: 
2026-03-27T11:50:26.058+08:00 DEBUG 2744 --- [service-order] [           main] o.e.o.mapper.GoodsMapper.findAllOnSale   : <==      Total: 18
2026-03-27T11:50:26.706+08:00  INFO 2744 --- [service-order] [           main] o.e.o.s.impl.OrderDomainServiceImpl      : init stock cache finished, size=18
2026-03-27T11:50:27.361+08:00  INFO 2744 --- [service-order] [           main] c.a.c.sentinel.SentinelWebMvcConfigurer  : [Sentinel Starter] register SentinelWebInterceptor with urlPatterns: [/**].
2026-03-27T11:50:28.246+08:00  INFO 2744 --- [service-order] [           main] c.a.n.p.a.s.c.ClientAuthPluginManager    : [ClientAuthPluginManager] Load ClientAuthService com.alibaba.nacos.client.auth.impl.NacosClientAuthServiceImpl success.
2026-03-27T11:50:28.247+08:00  INFO 2744 --- [service-order] [           main] c.a.n.p.a.s.c.ClientAuthPluginManager    : [ClientAuthPluginManager] Load ClientAuthService com.alibaba.nacos.client.auth.ram.RamClientAuthServiceImpl success.
2026-03-27T11:50:29.276+08:00  INFO 2744 --- [service-order] [           main] org.example.order.WeatherTest            : Started WeatherTest in 7.824 seconds (process running for 8.773)
]]></system-out>
  </testcase>
</testsuite>